2018-09-29 17:32:08,966 Start with run_mode==train
2018-09-29 17:32:08,967 Loading the wordchar2vector model ../tmp/wordchar2vector.dat
2018-09-29 17:32:08,967 loading projection weights from ../tmp/wordchar2vector.dat
2018-09-29 17:32:12,593 loaded (86029, 56) matrix from ../tmp/wordchar2vector.dat
2018-09-29 17:32:12,593 wc2v_dims=56
2018-09-29 17:32:12,594 Loading samples from ../data/interpretation.txt
2018-09-29 17:32:14,225 Loading samples from ../data/interpretation_auto_4.txt
2018-09-29 17:33:57,255 Loading samples from ../data/interpretation_auto_5.txt
2018-09-29 17:35:20,529 samples.count=424336
2018-09-29 17:35:23,042 max_inputseq_len=10
2018-09-29 17:35:23,042 max_outseq_len=11
2018-09-29 17:35:23,042 max_nb_inputs=2
2018-09-29 17:35:23,052 nb_lemmas=21270
2018-09-29 17:35:23,207 nb_words=86029
2018-09-29 17:35:23,900 Loading the w2v model /home/eek/polygon/w2v/w2v.CBOW=1_WIN=5_DIM=32.bin
2018-09-29 17:35:23,900 loading projection weights from /home/eek/polygon/w2v/w2v.CBOW=1_WIN=5_DIM=32.bin
2018-09-29 17:35:37,537 loaded (1192031, 32) matrix from /home/eek/polygon/w2v/w2v.CBOW=1_WIN=5_DIM=32.bin
2018-09-29 17:35:37,537 w2v_dims=32
2018-09-29 17:35:39,515 Constructing neural net: lstm(cnn)...
2018-09-29 17:35:40,132 Start training using 339468 patterns for training, 84868 for validation...
2018-09-30 06:37:37,925 Best accuracy per instance=0.979705014749
2018-09-30 06:37:37,926 Final validation of model...
2018-09-30 06:37:40,844 Writing 2000 samples with predictions...
