2018-09-30 07:55:34,792 Start run_mode==train
2018-09-30 07:55:34,792 Loading the wordchar2vector model ../tmp/wordchar2vector.dat
2018-09-30 07:55:34,793 loading projection weights from ../tmp/wordchar2vector.dat
2018-09-30 07:55:38,225 loaded (86029, 56) matrix from ../tmp/wordchar2vector.dat
2018-09-30 07:55:38,225 wc2v_dims=56
2018-09-30 07:55:38,225 Loading samples from ../data/pqa_yes_no.dat
2018-09-30 07:55:40,921 samples.count=106679
2018-09-30 07:55:40,921 max_inputseq_len=23
2018-09-30 07:55:40,921 max_nb_premises=3
2018-09-30 07:55:41,043 nb_chars=82
2018-09-30 07:55:41,043 nb_words=86029
2018-09-30 07:55:41,043 nb_yes=95658
2018-09-30 07:55:41,043 nb_no=11021
2018-09-30 07:55:41,043 Loading the w2v model /home/eek/polygon/w2v/w2v.CBOW=1_WIN=5_DIM=32.bin
2018-09-30 07:55:41,043 loading projection weights from /home/eek/polygon/w2v/w2v.CBOW=1_WIN=5_DIM=32.bin
2018-09-30 07:55:53,477 loaded (1192031, 32) matrix from /home/eek/polygon/w2v/w2v.CBOW=1_WIN=5_DIM=32.bin
2018-09-30 07:55:53,477 w2v_dims=32
2018-09-30 07:55:54,386 Constructing neural net: lstm(cnn)...
2018-09-30 07:55:55,300 Start training using 85343 patterns for training, 21336 for validation...
2018-09-30 09:39:21,398 max val_acc=0.98103287942
